cErrLog::SetLogTraceOn
STLinkUSBDriver.dll loaded
No ST-LINK device detected on the USB
No ST-LINK device detected on the USB
No ST-LINK device detected on the USB
No ST-LINK device detected on the USB
No ST-LINK device detected on the USB
No ST-LINK device detected on the USB
No ST-LINK device detected on the USB
No ST-LINK device detected on the USB
No ST-LINK device detected on the USB
No ST-LINK device detected on the USB
No ST-LINK device detected on the USB
No ST-LINK device detected on the USB
No ST-LINK device detected on the USB
No ST-LINK device detected on the USB
No ST-LINK device detected on the USB
No ST-LINK device detected on the USB
No ST-LINK device detected on the USB
No ST-LINK device detected on the USB
No ST-LINK device detected on the USB
No ST-LINK device detected on the USB
No ST-LINK device detected on the USB
No ST-LINK device detected on the USB
No ST-LINK device detected on the USB
No ST-LINK device detected on the USB
No ST-LINK device detected on the USB
No ST-LINK device detected on the USB
No ST-LINK device detected on the USB
No ST-LINK device detected on the USB
No ST-LINK device detected on the USB
No ST-LINK device detected on the USB
No ST-LINK device detected on the USB
cErrLog::SetLogTraceOn
STLinkUSBDriver.dll loaded
ST-Link/V2 device detected
Target voltage detected: 3.200000
W at 0xe000edf0: 0xa05f0003
R at 0xe000edf0: 0x01030003
Driving NRST low
Activating vector catch system
W at 0xe000edfc: 0x00000001
R at 0xe000edf0: 0x00030003
R at 0xe000edf0: 0x00030003
R at 0xe000edf0: 0x00030003
R at 0xe000edf0: 0x00030003
R at 0xe000edf0: 0x00030003
R at 0xe000edf0: 0x00030003
R at 0xe000edf0: 0x00030003
R at 0xe000edf0: 0x00030003
R at 0xe000edf0: 0x00030003
R at 0xe000edf0: 0x00030003
R at 0xe000edf0: 0x00030003
R at 0xe000edf0: 0x00030003
R at 0xe000edf0: 0x00030003
R at 0xe000edf0: 0x00030003
R at 0xe000edf0: 0x00030003
R at 0xe000edf0: 0x00030003
R at 0xe000edf0: 0x00030003
R at 0xe000edf0: 0x00030003
R at 0xe000edf0: 0x00030003
R at 0xe000edf0: 0x00030003
R at 0xe000edf0: 0x00030003
R at 0xe000edf0: 0x00030003
R at 0xe000edf0: 0x00030003
R at 0xe000edf0: 0x00030003
R at 0xe000edf0: 0x00030003
R at 0xe000edf0: 0x00030003
R at 0xe000edf0: 0x00030003
R at 0xe000edf0: 0x00030003
R at 0xe000edf0: 0x00030003
R at 0xe000edf0: 0x00030003
R at 0xe000edf0: 0x00030003
R at 0xe000edf0: 0x00030003
R at 0xe000edf0: 0x00030003
R at 0xe000edf0: 0x00030003
R at 0xe000edf0: 0x00030003
R at 0xe000edf0: 0x00030003
R at 0xe000edf0: 0x00030003
R at 0xe000edf0: 0x00030003
R at 0xe000edf0: 0x00030003
R at 0xe000edf0: 0x00030003
R at 0xe000edf0: 0x00030003
R at 0xe000edf0: 0x00030003
R at 0xe000edf0: 0x00030003
R at 0xe000edf0: 0x00030003
R at 0xe000edf0: 0x00030003
R at 0xe000edf0: 0x00030003
R at 0xe000edf0: 0x00030003
R at 0xe000edf0: 0x00030003
R at 0xe000edf0: 0x00030003
R at 0xe000edf0: 0x00030003
R at 0xe000edf0: 0x00030003
R at 0xe000edf0: 0x00030003
R at 0xe000edf0: 0x00030003
R at 0xe000edf0: 0x00030003
R at 0xe000edf0: 0x00030003
R at 0xe000edf0: 0x00030003
R at 0xe000edf0: 0x00030003
R at 0xe000edf0: 0x00030003
R at 0xe000edf0: 0x00030003
R at 0xe000edf0: 0x00030003
R at 0xe000edf0: 0x00030003
R at 0xe000edf0: 0x00030003
R at 0xe000edf0: 0x00030003
R at 0xe000edf0: 0x00030003
R at 0xe000edf0: 0x00030003
R at 0xe000edf0: 0x00030003
R at 0xe000edf0: 0x00030003
R at 0xe000edf0: 0x00030003
R at 0xe000edf0: 0x00030003
R at 0xe000edf0: 0x00030003
R at 0xe000edf0: 0x00030003
R at 0xe000edf0: 0x00030003
R at 0xe000edf0: 0x00030003
R at 0xe000edf0: 0x00030003
R at 0xe000edf0: 0x00030003
R at 0xe000edf0: 0x00030003
R at 0xe000edf0: 0x00030003
R at 0xe000edf0: 0x00030003
R at 0xe000edf0: 0x00030003
R at 0xe000edf0: 0x00030003
R at 0xe000edf0: 0x00030003
R at 0xe000edf0: 0x00030003
R at 0xe000edf0: 0x00030003
R at 0xe000edf0: 0x00030003
R at 0xe000edf0: 0x00030003
R at 0xe000edf0: 0x00030003
R at 0xe000edf0: 0x00030003
R at 0xe000edf0: 0x00030003
R at 0xe000edf0: 0x00030003
R at 0xe000edf0: 0x00030003
R at 0xe000edf0: 0x00030003
System reset has not raised up after 2 seconds
Sys reset req
W at 0xe000ed0c: 0x05fa0004
R at 0xe000ed0c: 0xfa050000
R at 0xe000edf0: 0x02030003
Driving NRST high
R at 0xe000edf0: 0x00030003
W regId 16: 0x01000000
W at 0xe000edfc: 0x00000000
R at 0xe000ed00: 0x00000031
R at 0xe0042000: 0x00000010
R at 0xe0042000: 0x00000010
R at 0x1ffff7e0: 0x00000080
R at 0xe0042008: 0x00000000
W at 0xe0042008: 0x00001800
R at 0xe000ed00: 0x00000031
R at 0xe0042000: 0x00000010
R at 0xe0042000: 0x00000010
R at 0x1ffff7e0: 0x00000080
W at 0xe000edf0: 0xa05f0003
R at 0xe000edf0: 0x00030003
R at 0xe000edf0: 0x00030003
Driving NRST low
Activating vector catch system
W at 0xe000edfc: 0x00000001
R at 0xe000edf0: 0x00030003
R at 0xe000edf0: 0x00030003
R at 0xe000edf0: 0x00030003
R at 0xe000edf0: 0x00030003
R at 0xe000edf0: 0x00030003
R at 0xe000edf0: 0x00030003
R at 0xe000edf0: 0x00030003
R at 0xe000edf0: 0x00030003
R at 0xe000edf0: 0x00030003
R at 0xe000edf0: 0x00030003
R at 0xe000edf0: 0x00030003
R at 0xe000edf0: 0x00030003
R at 0xe000edf0: 0x00030003
R at 0xe000edf0: 0x00030003
R at 0xe000edf0: 0x00030003
R at 0xe000edf0: 0x00030003
R at 0xe000edf0: 0x00030003
R at 0xe000edf0: 0x00030003
R at 0xe000edf0: 0x00030003
R at 0xe000edf0: 0x00030003
R at 0xe000edf0: 0x00030003
R at 0xe000edf0: 0x00030003
R at 0xe000edf0: 0x00030003
R at 0xe000edf0: 0x00030003
R at 0xe000edf0: 0x00030003
R at 0xe000edf0: 0x00030003
R at 0xe000edf0: 0x00030003
R at 0xe000edf0: 0x00030003
R at 0xe000edf0: 0x00030003
R at 0xe000edf0: 0x00030003
R at 0xe000edf0: 0x00030003
R at 0xe000edf0: 0x00030003
R at 0xe000edf0: 0x00030003
R at 0xe000edf0: 0x00030003
R at 0xe000edf0: 0x00030003
R at 0xe000edf0: 0x00030003
R at 0xe000edf0: 0x00030003
R at 0xe000edf0: 0x00030003
R at 0xe000edf0: 0x00030003
R at 0xe000edf0: 0x00030003
R at 0xe000edf0: 0x00030003
R at 0xe000edf0: 0x00030003
R at 0xe000edf0: 0x00030003
R at 0xe000edf0: 0x00030003
R at 0xe000edf0: 0x00030003
R at 0xe000edf0: 0x00030003
R at 0xe000edf0: 0x00030003
R at 0xe000edf0: 0x00030003
R at 0xe000edf0: 0x00030003
R at 0xe000edf0: 0x00030003
R at 0xe000edf0: 0x00030003
R at 0xe000edf0: 0x00030003
R at 0xe000edf0: 0x00030003
R at 0xe000edf0: 0x00030003
R at 0xe000edf0: 0x00030003
R at 0xe000edf0: 0x00030003
R at 0xe000edf0: 0x00030003
R at 0xe000edf0: 0x00030003
R at 0xe000edf0: 0x00030003
R at 0xe000edf0: 0x00030003
R at 0xe000edf0: 0x00030003
R at 0xe000edf0: 0x00030003
R at 0xe000edf0: 0x00030003
R at 0xe000edf0: 0x00030003
R at 0xe000edf0: 0x00030003
R at 0xe000edf0: 0x00030003
R at 0xe000edf0: 0x00030003
R at 0xe000edf0: 0x00030003
R at 0xe000edf0: 0x00030003
R at 0xe000edf0: 0x00030003
R at 0xe000edf0: 0x00030003
R at 0xe000edf0: 0x00030003
R at 0xe000edf0: 0x00030003
R at 0xe000edf0: 0x00030003
R at 0xe000edf0: 0x00030003
R at 0xe000edf0: 0x00030003
R at 0xe000edf0: 0x00030003
R at 0xe000edf0: 0x00030003
R at 0xe000edf0: 0x00030003
R at 0xe000edf0: 0x00030003
R at 0xe000edf0: 0x00030003
R at 0xe000edf0: 0x00030003
R at 0xe000edf0: 0x00030003
R at 0xe000edf0: 0x00030003
R at 0xe000edf0: 0x00030003
R at 0xe000edf0: 0x00030003
R at 0xe000edf0: 0x00030003
R at 0xe000edf0: 0x00030003
R at 0xe000edf0: 0x00030003
R at 0xe000edf0: 0x00030003
R at 0xe000edf0: 0x00030003
R at 0xe000edf0: 0x00030003
R at 0xe000edf0: 0x00030003
R at 0xe000edf0: 0x00030003
R at 0xe000edf0: 0x00030003
R at 0xe000edf0: 0x00030003
R at 0xe000edf0: 0x00030003
R at 0xe000edf0: 0x00030003
R at 0xe000edf0: 0x00030003
R at 0xe000edf0: 0x00030003
R at 0xe000edf0: 0x00030003
R at 0xe000edf0: 0x00030003
R at 0xe000edf0: 0x00030003
R at 0xe000edf0: 0x00030003
R at 0xe000edf0: 0x00030003
R at 0xe000edf0: 0x00030003
R at 0xe000edf0: 0x00030003
R at 0xe000edf0: 0x00030003
R at 0xe000edf0: 0x00030003
R at 0xe000edf0: 0x00030003
R at 0xe000edf0: 0x00030003
R at 0xe000edf0: 0x00030003
R at 0xe000edf0: 0x00030003
R at 0xe000edf0: 0x00030003
R at 0xe000edf0: 0x00030003
R at 0xe000edf0: 0x00030003
R at 0xe000edf0: 0x00030003
R at 0xe000edf0: 0x00030003
R at 0xe000edf0: 0x00030003
R at 0xe000edf0: 0x00030003
R at 0xe000edf0: 0x00030003
R at 0xe000edf0: 0x00030003
R at 0xe000edf0: 0x00030003
System reset has not raised up after 2 seconds
Sys reset req
W at 0xe000ed0c: 0x05fa0004
R at 0xe000ed0c: 0xfa050000
R at 0xe000edf0: 0x02030003
Driving NRST high
R at 0xe000edf0: 0x00030003
W regId 16: 0x01000000
W at 0xe000edfc: 0x00000000
R at 0xe000ed00: 0x00000031
R at 0xe0042000: 0x00000010
R at 0xe0042000: 0x00000010
R at 0x1ffff7e0: 0x00000080
W regId 15: 0x20000000
W regId 17: 0x20000000
W regId 16: 0x01000000
Driving NRST low
Activating vector catch system
W at 0xe000edfc: 0x00000001
R at 0xe000edf0: 0x00030003
R at 0xe000edf0: 0x00030003
R at 0xe000edf0: 0x00030003
R at 0xe000edf0: 0x00030003
R at 0xe000edf0: 0x00030003
R at 0xe000edf0: 0x00030003
R at 0xe000edf0: 0x00030003
R at 0xe000edf0: 0x00030003
R at 0xe000edf0: 0x00030003
R at 0xe000edf0: 0x00030003
R at 0xe000edf0: 0x00030003
R at 0xe000edf0: 0x00030003
R at 0xe000edf0: 0x00030003
R at 0xe000edf0: 0x00030003
R at 0xe000edf0: 0x00030003
R at 0xe000edf0: 0x00030003
R at 0xe000edf0: 0x00030003
R at 0xe000edf0: 0x00030003
R at 0xe000edf0: 0x00030003
R at 0xe000edf0: 0x00030003
R at 0xe000edf0: 0x00030003
R at 0xe000edf0: 0x00030003
R at 0xe000edf0: 0x00030003
R at 0xe000edf0: 0x00030003
R at 0xe000edf0: 0x00030003
R at 0xe000edf0: 0x00030003
R at 0xe000edf0: 0x00030003
R at 0xe000edf0: 0x00030003
R at 0xe000edf0: 0x00030003
R at 0xe000edf0: 0x00030003
R at 0xe000edf0: 0x00030003
R at 0xe000edf0: 0x00030003
R at 0xe000edf0: 0x00030003
R at 0xe000edf0: 0x00030003
R at 0xe000edf0: 0x00030003
R at 0xe000edf0: 0x00030003
R at 0xe000edf0: 0x00030003
R at 0xe000edf0: 0x00030003
R at 0xe000edf0: 0x00030003
R at 0xe000edf0: 0x00030003
R at 0xe000edf0: 0x00030003
R at 0xe000edf0: 0x00030003
R at 0xe000edf0: 0x00030003
R at 0xe000edf0: 0x00030003
R at 0xe000edf0: 0x00030003
R at 0xe000edf0: 0x00030003
R at 0xe000edf0: 0x00030003
R at 0xe000edf0: 0x00030003
R at 0xe000edf0: 0x00030003
R at 0xe000edf0: 0x00030003
R at 0xe000edf0: 0x00030003
R at 0xe000edf0: 0x00030003
R at 0xe000edf0: 0x00030003
R at 0xe000edf0: 0x00030003
R at 0xe000edf0: 0x00030003
R at 0xe000edf0: 0x00030003
R at 0xe000edf0: 0x00030003
R at 0xe000edf0: 0x00030003
R at 0xe000edf0: 0x00030003
R at 0xe000edf0: 0x00030003
R at 0xe000edf0: 0x00030003
R at 0xe000edf0: 0x00030003
R at 0xe000edf0: 0x00030003
R at 0xe000edf0: 0x00030003
R at 0xe000edf0: 0x00030003
R at 0xe000edf0: 0x00030003
R at 0xe000edf0: 0x00030003
R at 0xe000edf0: 0x00030003
R at 0xe000edf0: 0x00030003
R at 0xe000edf0: 0x00030003
R at 0xe000edf0: 0x00030003
R at 0xe000edf0: 0x00030003
R at 0xe000edf0: 0x00030003
R at 0xe000edf0: 0x00030003
R at 0xe000edf0: 0x00030003
R at 0xe000edf0: 0x00030003
R at 0xe000edf0: 0x00030003
R at 0xe000edf0: 0x00030003
R at 0xe000edf0: 0x00030003
R at 0xe000edf0: 0x00030003
R at 0xe000edf0: 0x00030003
R at 0xe000edf0: 0x00030003
R at 0xe000edf0: 0x00030003
R at 0xe000edf0: 0x00030003
R at 0xe000edf0: 0x00030003
R at 0xe000edf0: 0x00030003
R at 0xe000edf0: 0x00030003
R at 0xe000edf0: 0x00030003
R at 0xe000edf0: 0x00030003
R at 0xe000edf0: 0x00030003
R at 0xe000edf0: 0x00030003
R at 0xe000edf0: 0x00030003
R at 0xe000edf0: 0x00030003
R at 0xe000edf0: 0x00030003
R at 0xe000edf0: 0x00030003
R at 0xe000edf0: 0x00030003
R at 0xe000edf0: 0x00030003
R at 0xe000edf0: 0x00030003
R at 0xe000edf0: 0x00030003
R at 0xe000edf0: 0x00030003
R at 0xe000edf0: 0x00030003
R at 0xe000edf0: 0x00030003
R at 0xe000edf0: 0x00030003
R at 0xe000edf0: 0x00030003
R at 0xe000edf0: 0x00030003
R at 0xe000edf0: 0x00030003
R at 0xe000edf0: 0x00030003
R at 0xe000edf0: 0x00030003
R at 0xe000edf0: 0x00030003
R at 0xe000edf0: 0x00030003
R at 0xe000edf0: 0x00030003
R at 0xe000edf0: 0x00030003
R at 0xe000edf0: 0x00030003
R at 0xe000edf0: 0x00030003
R at 0xe000edf0: 0x00030003
R at 0xe000edf0: 0x00030003
R at 0xe000edf0: 0x00030003
R at 0xe000edf0: 0x00030003
R at 0xe000edf0: 0x00030003
R at 0xe000edf0: 0x00030003
R at 0xe000edf0: 0x00030003
R at 0xe000edf0: 0x00030003
R at 0xe000edf0: 0x00030003
R at 0xe000edf0: 0x00030003
R at 0xe000edf0: 0x00030003
R at 0xe000edf0: 0x00030003
R at 0xe000edf0: 0x00030003
R at 0xe000edf0: 0x00030003
R at 0xe000edf0: 0x00030003
R at 0xe000edf0: 0x00030003
R at 0xe000edf0: 0x00030003
R at 0xe000edf0: 0x00030003
R at 0xe000edf0: 0x00030003
R at 0xe000edf0: 0x00030003
R at 0xe000edf0: 0x00030003
R at 0xe000edf0: 0x00030003
System reset has not raised up after 2 seconds
Sys reset req
W at 0xe000ed0c: 0x05fa0004
R at 0xe000ed0c: 0xfa050000
R at 0xe000edf0: 0x02030003
Driving NRST high
R at 0xe000edf0: 0x00030003
W regId 16: 0x01000000
W at 0xe000edfc: 0x00000000
R at 0xe000ed00: 0x00000031
R at 0xe0042000: 0x00000010
R at 0xe0042000: 0x00000010
R at 0x1ffff7e0: 0x00000080
W regId 15: 0x20000000
W regId 17: 0x20000000
W regId 16: 0x01000000
R at 0x1ffff800: 0x000000a5
R at 0x20000000: 0x00000048
R at 0x4002201c: 0x000000fc
R at 0x20000000: 0x00000048
R at 0x40022020: 0x000000ff
R at 0x1ffff800: 0x000000a5
W 508 bytes from 0x200008f4
Driving NRST low
Activating vector catch system
W at 0xe000edfc: 0x00000001
R at 0xe000edf0: 0x00030003
R at 0xe000edf0: 0x00030003
R at 0xe000edf0: 0x00030003
R at 0xe000edf0: 0x00030003
R at 0xe000edf0: 0x00030003
R at 0xe000edf0: 0x00030003
R at 0xe000edf0: 0x00030003
R at 0xe000edf0: 0x00030003
R at 0xe000edf0: 0x00030003
R at 0xe000edf0: 0x00030003
R at 0xe000edf0: 0x00030003
R at 0xe000edf0: 0x00030003
R at 0xe000edf0: 0x00030003
R at 0xe000edf0: 0x00030003
R at 0xe000edf0: 0x00030003
R at 0xe000edf0: 0x00030003
R at 0xe000edf0: 0x00030003
R at 0xe000edf0: 0x00030003
R at 0xe000edf0: 0x00030003
R at 0xe000edf0: 0x00030003
R at 0xe000edf0: 0x00030003
R at 0xe000edf0: 0x00030003
R at 0xe000edf0: 0x00030003
R at 0xe000edf0: 0x00030003
R at 0xe000edf0: 0x00030003
R at 0xe000edf0: 0x00030003
R at 0xe000edf0: 0x00030003
R at 0xe000edf0: 0x00030003
R at 0xe000edf0: 0x00030003
R at 0xe000edf0: 0x00030003
R at 0xe000edf0: 0x00030003
R at 0xe000edf0: 0x00030003
R at 0xe000edf0: 0x00030003
R at 0xe000edf0: 0x00030003
R at 0xe000edf0: 0x00030003
R at 0xe000edf0: 0x00030003
R at 0xe000edf0: 0x00030003
R at 0xe000edf0: 0x00030003
R at 0xe000edf0: 0x00030003
R at 0xe000edf0: 0x00030003
R at 0xe000edf0: 0x00030003
R at 0xe000edf0: 0x00030003
R at 0xe000edf0: 0x00030003
R at 0xe000edf0: 0x00030003
R at 0xe000edf0: 0x00030003
R at 0xe000edf0: 0x00030003
R at 0xe000edf0: 0x00030003
R at 0xe000edf0: 0x00030003
R at 0xe000edf0: 0x00030003
R at 0xe000edf0: 0x00030003
R at 0xe000edf0: 0x00030003
R at 0xe000edf0: 0x00030003
R at 0xe000edf0: 0x00030003
R at 0xe000edf0: 0x00030003
R at 0xe000edf0: 0x00030003
R at 0xe000edf0: 0x00030003
R at 0xe000edf0: 0x00030003
R at 0xe000edf0: 0x00030003
R at 0xe000edf0: 0x00030003
R at 0xe000edf0: 0x00030003
R at 0xe000edf0: 0x00030003
R at 0xe000edf0: 0x00030003
R at 0xe000edf0: 0x00030003
R at 0xe000edf0: 0x00030003
R at 0xe000edf0: 0x00030003
R at 0xe000edf0: 0x00030003
R at 0xe000edf0: 0x00030003
R at 0xe000edf0: 0x00030003
R at 0xe000edf0: 0x00030003
R at 0xe000edf0: 0x00030003
R at 0xe000edf0: 0x00030003
R at 0xe000edf0: 0x00030003
R at 0xe000edf0: 0x00030003
R at 0xe000edf0: 0x00030003
R at 0xe000edf0: 0x00030003
R at 0xe000edf0: 0x00030003
R at 0xe000edf0: 0x00030003
R at 0xe000edf0: 0x00030003
R at 0xe000edf0: 0x00030003
R at 0xe000edf0: 0x00030003
R at 0xe000edf0: 0x00030003
R at 0xe000edf0: 0x00030003
R at 0xe000edf0: 0x00030003
R at 0xe000edf0: 0x00030003
R at 0xe000edf0: 0x00030003
R at 0xe000edf0: 0x00030003
R at 0xe000edf0: 0x00030003
R at 0xe000edf0: 0x00030003
R at 0xe000edf0: 0x00030003
R at 0xe000edf0: 0x00030003
R at 0xe000edf0: 0x00030003
R at 0xe000edf0: 0x00030003
R at 0xe000edf0: 0x00030003
R at 0xe000edf0: 0x00030003
R at 0xe000edf0: 0x00030003
R at 0xe000edf0: 0x00030003
R at 0xe000edf0: 0x00030003
R at 0xe000edf0: 0x00030003
R at 0xe000edf0: 0x00030003
R at 0xe000edf0: 0x00030003
R at 0xe000edf0: 0x00030003
R at 0xe000edf0: 0x00030003
R at 0xe000edf0: 0x00030003
R at 0xe000edf0: 0x00030003
R at 0xe000edf0: 0x00030003
R at 0xe000edf0: 0x00030003
R at 0xe000edf0: 0x00030003
R at 0xe000edf0: 0x00030003
R at 0xe000edf0: 0x00030003
R at 0xe000edf0: 0x00030003
R at 0xe000edf0: 0x00030003
R at 0xe000edf0: 0x00030003
R at 0xe000edf0: 0x00030003
R at 0xe000edf0: 0x00030003
R at 0xe000edf0: 0x00030003
R at 0xe000edf0: 0x00030003
R at 0xe000edf0: 0x00030003
R at 0xe000edf0: 0x00030003
System reset has not raised up after 2 seconds
Sys reset req
W at 0xe000ed0c: 0x05fa0004
R at 0xe000ed0c: 0xfa050000
R at 0xe000edf0: 0x02030003
Driving NRST high
R at 0xe000edf0: 0x00030003
W regId 16: 0x01000000
W at 0xe000edfc: 0x00000000
R at 0xe000ed00: 0x00000031
R at 0xe0042000: 0x00000010
R at 0xe0042000: 0x00000010
R at 0x1ffff7e0: 0x00000080
W regId 15: 0x20000000
W regId 17: 0x20000000
W regId 16: 0x01000000
W at 0x20000000: 0x00000000
W 1020 bytes from 0x20000004
W 212 bytes from 0x20000400
W at 0xe000edf0: 0xa05f0003
R at 0xe000edf0: 0x00030003
W at 0x40003000: 0x000000aa
W at 0x40003000: 0x00000055
W at 0x40003004: 0x00000007
W at 0x40002c04: 0x000000ff
W at 0x40002c00: 0x0000007f
W regId 0: 0x00000001
W regId 1: 0x00000000
W regId 2: 0x00000000
W regId 3: 0x00000000
W regId 4: 0x00000000
W regId 5: 0x00000000
W regId 6: 0x00000000
W regId 7: 0x00000000
W regId 8: 0x00000000
W regId 9: 0x00000000
W regId 10: 0x00000000
W regId 11: 0x00000000
W regId 12: 0x00000000
W regId 13: 0x00000000
W regId 14: 0x20000001
W regId 15: 0x20000005
W regId 16: 0x01000000
W regId 17: 0x200008d2
Error (0xd) after target cmd F2 34 11 D2 08 00 20 00 00 00
Core register write verif error (ignored),writing 0x200008d2 to reg 17
W regId 18: 0x00000000
W at 0xe000edf0: 0xa05f0001
W at 0x40003000: 0x000000aa
W at 0x40003000: 0x00000055
W at 0x40003004: 0x00000007
W at 0x40002c04: 0x000000ff
W at 0x40002c00: 0x0000007f
R at 0xe000edf0: 0x01030003
W at 0xe000edf0: 0xa05f0003
R at 0xe000edf0: 0x00030003
R regId 0: 0x00000001
W at 0x40003000: 0x000000aa
W at 0x40003000: 0x00000055
W at 0x40003004: 0x00000007
W at 0x40002c04: 0x000000ff
W at 0x40002c00: 0x0000007f
W regId 0: 0x08000000
W regId 1: 0x08000800
W regId 2: 0x00000000
W regId 3: 0x00000000
W regId 4: 0x00000000
W regId 5: 0x00000000
W regId 6: 0x00000000
W regId 7: 0x00000000
W regId 8: 0x00000000
W regId 9: 0x00000000
W regId 10: 0x00000000
W regId 11: 0x00000000
W regId 12: 0x00000000
W regId 13: 0x00000000
W regId 14: 0x20000001
W regId 15: 0x20000143
W regId 16: 0x01000000
W regId 17: 0x200008d2
Error (0xd) after target cmd F2 34 11 D2 08 00 20 00 00 00
Core register write verif error (ignored),writing 0x200008d2 to reg 17
W regId 18: 0x00000000
W at 0xe000edf0: 0xa05f0001
W at 0x40003000: 0x000000aa
W at 0x40003000: 0x00000055
W at 0x40003004: 0x00000007
W at 0x40002c04: 0x000000ff
W at 0x40002c00: 0x0000007f
R at 0xe000edf0: 0x01030003
W at 0xe000edf0: 0xa05f0003
R at 0xe000edf0: 0x00030003
R regId 0: 0x00000001
W 780 bytes from 0x200008f4
W 1024 bytes from 0x20000c00
W 536 bytes from 0x20001000
W at 0xe000edf0: 0xa05f0003
R at 0xe000edf0: 0x00030003
W at 0x40003000: 0x000000aa
W at 0x40003000: 0x00000055
W at 0x40003004: 0x00000007
W at 0x40002c04: 0x000000ff
W at 0x40002c00: 0x0000007f
W regId 0: 0x00000001
W regId 1: 0x00000000
W regId 2: 0x00000000
W regId 3: 0x00000000
W regId 4: 0x00000000
W regId 5: 0x00000000
W regId 6: 0x00000000
W regId 7: 0x00000000
W regId 8: 0x00000000
W regId 9: 0x00000000
W regId 10: 0x00000000
W regId 11: 0x00000000
W regId 12: 0x00000000
W regId 13: 0x00000000
W regId 14: 0x20000001
W regId 15: 0x20000005
W regId 16: 0x01000000
W regId 17: 0x200008d2
Error (0xd) after target cmd F2 34 11 D2 08 00 20 00 00 00
Core register write verif error (ignored),writing 0x200008d2 to reg 17
W regId 18: 0x00000000
W at 0xe000edf0: 0xa05f0001
W at 0x40003000: 0x000000aa
W at 0x40003000: 0x00000055
W at 0x40003004: 0x00000007
W at 0x40002c04: 0x000000ff
W at 0x40002c00: 0x0000007f
R at 0xe000edf0: 0x01030003
W at 0xe000edf0: 0xa05f0003
R at 0xe000edf0: 0x00030003
R regId 0: 0x00000001
W at 0x40003000: 0x000000aa
W at 0x40003000: 0x00000055
W at 0x40003004: 0x00000007
W at 0x40002c04: 0x000000ff
W at 0x40002c00: 0x0000007f
W regId 0: 0x08000000
W regId 1: 0x00000928
W regId 2: 0x200008f2
W regId 3: 0x00000000
W regId 4: 0x00000000
W regId 5: 0x00000000
W regId 6: 0x00000000
W regId 7: 0x00000000
W regId 8: 0x00000000
W regId 9: 0x00000000
W regId 10: 0x00000000
W regId 11: 0x00000000
W regId 12: 0x00000000
W regId 13: 0x00000000
W regId 14: 0x20000001
W regId 15: 0x2000002f
W regId 16: 0x01000000
W regId 17: 0x200008d2
Error (0xd) after target cmd F2 34 11 D2 08 00 20 00 00 00
Core register write verif error (ignored),writing 0x200008d2 to reg 17
W regId 18: 0x00000000
W at 0xe000edf0: 0xa05f0001
W at 0x40003000: 0x000000aa
W at 0x40003000: 0x00000055
W at 0x40003004: 0x00000007
W at 0x40002c04: 0x000000ff
W at 0x40002c00: 0x0000007f
R at 0xe000edf0: 0x01010001
W at 0x40003000: 0x000000aa
W at 0x40003000: 0x00000055
W at 0x40003004: 0x00000007
W at 0x40002c04: 0x000000ff
W at 0x40002c00: 0x0000007f
R at 0xe000edf0: 0x01030003
W at 0xe000edf0: 0xa05f0003
R at 0xe000edf0: 0x00030003
R regId 0: 0x00000001
cErrLog::SetLogTraceOn
STLinkUSBDriver.dll loaded
ST-Link/V2 device detected
Target voltage detected: 3.201572
W at 0xe000edf0: 0xa05f0003
R at 0xe000edf0: 0x00030003
Driving NRST low
Activating vector catch system
W at 0xe000edfc: 0x00000001
R at 0xe000edf0: 0x00030003
R at 0xe000edf0: 0x00030003
R at 0xe000edf0: 0x00030003
R at 0xe000edf0: 0x00030003
R at 0xe000edf0: 0x00030003
R at 0xe000edf0: 0x00030003
R at 0xe000edf0: 0x00030003
R at 0xe000edf0: 0x00030003
R at 0xe000edf0: 0x00030003
R at 0xe000edf0: 0x00030003
R at 0xe000edf0: 0x00030003
R at 0xe000edf0: 0x00030003
R at 0xe000edf0: 0x00030003
R at 0xe000edf0: 0x00030003
R at 0xe000edf0: 0x00030003
R at 0xe000edf0: 0x00030003
R at 0xe000edf0: 0x00030003
R at 0xe000edf0: 0x00030003
R at 0xe000edf0: 0x00030003
R at 0xe000edf0: 0x00030003
R at 0xe000edf0: 0x00030003
R at 0xe000edf0: 0x00030003
R at 0xe000edf0: 0x00030003
R at 0xe000edf0: 0x00030003
R at 0xe000edf0: 0x00030003
R at 0xe000edf0: 0x00030003
R at 0xe000edf0: 0x00030003
R at 0xe000edf0: 0x00030003
R at 0xe000edf0: 0x00030003
R at 0xe000edf0: 0x00030003
R at 0xe000edf0: 0x00030003
R at 0xe000edf0: 0x00030003
R at 0xe000edf0: 0x00030003
R at 0xe000edf0: 0x00030003
R at 0xe000edf0: 0x00030003
R at 0xe000edf0: 0x00030003
R at 0xe000edf0: 0x00030003
R at 0xe000edf0: 0x00030003
R at 0xe000edf0: 0x00030003
R at 0xe000edf0: 0x00030003
R at 0xe000edf0: 0x00030003
R at 0xe000edf0: 0x00030003
R at 0xe000edf0: 0x00030003
R at 0xe000edf0: 0x00030003
R at 0xe000edf0: 0x00030003
R at 0xe000edf0: 0x00030003
R at 0xe000edf0: 0x00030003
R at 0xe000edf0: 0x00030003
R at 0xe000edf0: 0x00030003
R at 0xe000edf0: 0x00030003
R at 0xe000edf0: 0x00030003
R at 0xe000edf0: 0x00030003
R at 0xe000edf0: 0x00030003
R at 0xe000edf0: 0x00030003
R at 0xe000edf0: 0x00030003
R at 0xe000edf0: 0x00030003
R at 0xe000edf0: 0x00030003
R at 0xe000edf0: 0x00030003
R at 0xe000edf0: 0x00030003
R at 0xe000edf0: 0x00030003
R at 0xe000edf0: 0x00030003
R at 0xe000edf0: 0x00030003
R at 0xe000edf0: 0x00030003
R at 0xe000edf0: 0x00030003
R at 0xe000edf0: 0x00030003
R at 0xe000edf0: 0x00030003
R at 0xe000edf0: 0x00030003
R at 0xe000edf0: 0x00030003
R at 0xe000edf0: 0x00030003
R at 0xe000edf0: 0x00030003
R at 0xe000edf0: 0x00030003
R at 0xe000edf0: 0x00030003
R at 0xe000edf0: 0x00030003
R at 0xe000edf0: 0x00030003
R at 0xe000edf0: 0x00030003
R at 0xe000edf0: 0x00030003
R at 0xe000edf0: 0x00030003
R at 0xe000edf0: 0x00030003
R at 0xe000edf0: 0x00030003
R at 0xe000edf0: 0x00030003
R at 0xe000edf0: 0x00030003
R at 0xe000edf0: 0x00030003
R at 0xe000edf0: 0x00030003
R at 0xe000edf0: 0x00030003
R at 0xe000edf0: 0x00030003
R at 0xe000edf0: 0x00030003
R at 0xe000edf0: 0x00030003
R at 0xe000edf0: 0x00030003
R at 0xe000edf0: 0x00030003
R at 0xe000edf0: 0x00030003
R at 0xe000edf0: 0x00030003
R at 0xe000edf0: 0x00030003
R at 0xe000edf0: 0x00030003
R at 0xe000edf0: 0x00030003
R at 0xe000edf0: 0x00030003
R at 0xe000edf0: 0x00030003
R at 0xe000edf0: 0x00030003
R at 0xe000edf0: 0x00030003
R at 0xe000edf0: 0x00030003
R at 0xe000edf0: 0x00030003
R at 0xe000edf0: 0x00030003
R at 0xe000edf0: 0x00030003
R at 0xe000edf0: 0x00030003
R at 0xe000edf0: 0x00030003
System reset has not raised up after 2 seconds
Sys reset req
W at 0xe000ed0c: 0x05fa0004
R at 0xe000ed0c: 0xfa050000
R at 0xe000edf0: 0x02030003
Driving NRST high
R at 0xe000edf0: 0x00030003
W regId 16: 0x01000000
W at 0xe000edfc: 0x00000000
R at 0xe000ed00: 0x00000031
R at 0xe0042000: 0x00000010
R at 0xe0042000: 0x00000010
R at 0x1ffff7e0: 0x00000080
R at 0xe0042008: 0x00000000
W at 0xe0042008: 0x00001800
R at 0xe000ed00: 0x00000031
R at 0xe0042000: 0x00000010
R at 0xe0042000: 0x00000010
R at 0x1ffff7e0: 0x00000080
W at 0xe000edf0: 0xa05f0003
R at 0xe000edf0: 0x00030003
R at 0xe000edf0: 0x00030003
Activating vector catch system
W at 0xe000edfc: 0x00000001
Sys reset req
W at 0xe000ed0c: 0x05fa0004
R at 0xe000ed0c: 0xfa050000
R at 0xe000edf0: 0x02030003
R at 0xe000edf0: 0x00030003
W regId 16: 0x01000000
W at 0xe000edfc: 0x00000000
W at 0xe000edf0: 0xa05f0001
cErrLog::SetLogTraceOn
STLinkUSBDriver.dll loaded
ST-Link/V2 device detected
Target voltage detected: 3.198428
W at 0xe000edf0: 0xa05f0003
R at 0xe000edf0: 0x01030003
Driving NRST low
Activating vector catch system
W at 0xe000edfc: 0x00000001
R at 0xe000edf0: 0x00030003
R at 0xe000edf0: 0x00030003
R at 0xe000edf0: 0x00030003
R at 0xe000edf0: 0x00030003
R at 0xe000edf0: 0x00030003
R at 0xe000edf0: 0x00030003
R at 0xe000edf0: 0x00030003
R at 0xe000edf0: 0x00030003
R at 0xe000edf0: 0x00030003
R at 0xe000edf0: 0x00030003
R at 0xe000edf0: 0x00030003
R at 0xe000edf0: 0x00030003
R at 0xe000edf0: 0x00030003
R at 0xe000edf0: 0x00030003
R at 0xe000edf0: 0x00030003
R at 0xe000edf0: 0x00030003
R at 0xe000edf0: 0x00030003
R at 0xe000edf0: 0x00030003
R at 0xe000edf0: 0x00030003
R at 0xe000edf0: 0x00030003
R at 0xe000edf0: 0x00030003
R at 0xe000edf0: 0x00030003
R at 0xe000edf0: 0x00030003
R at 0xe000edf0: 0x00030003
R at 0xe000edf0: 0x00030003
R at 0xe000edf0: 0x00030003
R at 0xe000edf0: 0x00030003
R at 0xe000edf0: 0x00030003
R at 0xe000edf0: 0x00030003
R at 0xe000edf0: 0x00030003
R at 0xe000edf0: 0x00030003
R at 0xe000edf0: 0x00030003
R at 0xe000edf0: 0x00030003
R at 0xe000edf0: 0x00030003
R at 0xe000edf0: 0x00030003
R at 0xe000edf0: 0x00030003
R at 0xe000edf0: 0x00030003
R at 0xe000edf0: 0x00030003
R at 0xe000edf0: 0x00030003
R at 0xe000edf0: 0x00030003
R at 0xe000edf0: 0x00030003
R at 0xe000edf0: 0x00030003
R at 0xe000edf0: 0x00030003
R at 0xe000edf0: 0x00030003
R at 0xe000edf0: 0x00030003
R at 0xe000edf0: 0x00030003
R at 0xe000edf0: 0x00030003
R at 0xe000edf0: 0x00030003
R at 0xe000edf0: 0x00030003
R at 0xe000edf0: 0x00030003
R at 0xe000edf0: 0x00030003
R at 0xe000edf0: 0x00030003
R at 0xe000edf0: 0x00030003
R at 0xe000edf0: 0x00030003
R at 0xe000edf0: 0x00030003
R at 0xe000edf0: 0x00030003
R at 0xe000edf0: 0x00030003
R at 0xe000edf0: 0x00030003
R at 0xe000edf0: 0x00030003
R at 0xe000edf0: 0x00030003
R at 0xe000edf0: 0x00030003
R at 0xe000edf0: 0x00030003
R at 0xe000edf0: 0x00030003
R at 0xe000edf0: 0x00030003
R at 0xe000edf0: 0x00030003
R at 0xe000edf0: 0x00030003
R at 0xe000edf0: 0x00030003
R at 0xe000edf0: 0x00030003
R at 0xe000edf0: 0x00030003
R at 0xe000edf0: 0x00030003
R at 0xe000edf0: 0x00030003
R at 0xe000edf0: 0x00030003
R at 0xe000edf0: 0x00030003
R at 0xe000edf0: 0x00030003
R at 0xe000edf0: 0x00030003
R at 0xe000edf0: 0x00030003
R at 0xe000edf0: 0x00030003
R at 0xe000edf0: 0x00030003
R at 0xe000edf0: 0x00030003
R at 0xe000edf0: 0x00030003
R at 0xe000edf0: 0x00030003
R at 0xe000edf0: 0x00030003
R at 0xe000edf0: 0x00030003
R at 0xe000edf0: 0x00030003
R at 0xe000edf0: 0x00030003
R at 0xe000edf0: 0x00030003
R at 0xe000edf0: 0x00030003
R at 0xe000edf0: 0x00030003
R at 0xe000edf0: 0x00030003
R at 0xe000edf0: 0x00030003
R at 0xe000edf0: 0x00030003
R at 0xe000edf0: 0x00030003
R at 0xe000edf0: 0x00030003
R at 0xe000edf0: 0x00030003
R at 0xe000edf0: 0x00030003
R at 0xe000edf0: 0x00030003
R at 0xe000edf0: 0x00030003
R at 0xe000edf0: 0x00030003
R at 0xe000edf0: 0x00030003
R at 0xe000edf0: 0x00030003
R at 0xe000edf0: 0x00030003
R at 0xe000edf0: 0x00030003
R at 0xe000edf0: 0x00030003
R at 0xe000edf0: 0x00030003
R at 0xe000edf0: 0x00030003
R at 0xe000edf0: 0x00030003
R at 0xe000edf0: 0x00030003
R at 0xe000edf0: 0x00030003
R at 0xe000edf0: 0x00030003
R at 0xe000edf0: 0x00030003
R at 0xe000edf0: 0x00030003
R at 0xe000edf0: 0x00030003
R at 0xe000edf0: 0x00030003
R at 0xe000edf0: 0x00030003
R at 0xe000edf0: 0x00030003
R at 0xe000edf0: 0x00030003
R at 0xe000edf0: 0x00030003
R at 0xe000edf0: 0x00030003
R at 0xe000edf0: 0x00030003
R at 0xe000edf0: 0x00030003
R at 0xe000edf0: 0x00030003
R at 0xe000edf0: 0x00030003
R at 0xe000edf0: 0x00030003
R at 0xe000edf0: 0x00030003
R at 0xe000edf0: 0x00030003
R at 0xe000edf0: 0x00030003
R at 0xe000edf0: 0x00030003
R at 0xe000edf0: 0x00030003
R at 0xe000edf0: 0x00030003
R at 0xe000edf0: 0x00030003
R at 0xe000edf0: 0x00030003
R at 0xe000edf0: 0x00030003
R at 0xe000edf0: 0x00030003
R at 0xe000edf0: 0x00030003
R at 0xe000edf0: 0x00030003
R at 0xe000edf0: 0x00030003
System reset has not raised up after 2 seconds
Sys reset req
W at 0xe000ed0c: 0x05fa0004
R at 0xe000ed0c: 0xfa050000
R at 0xe000edf0: 0x02030003
Driving NRST high
R at 0xe000edf0: 0x00030003
W regId 16: 0x01000000
W at 0xe000edfc: 0x00000000
R at 0xe000ed00: 0x00000031
R at 0xe0042000: 0x00000010
R at 0xe0042000: 0x00000010
R at 0x1ffff7e0: 0x00000080
R at 0xe0042008: 0x00000000
W at 0xe0042008: 0x00001800
R at 0xe000ed00: 0x00000031
R at 0xe0042000: 0x00000010
R at 0xe0042000: 0x00000010
R at 0x1ffff7e0: 0x00000080
W at 0xe000edf0: 0xa05f0003
R at 0xe000edf0: 0x00030003
R at 0xe000edf0: 0x00030003
Driving NRST low
Activating vector catch system
W at 0xe000edfc: 0x00000001
R at 0xe000edf0: 0x00030003
R at 0xe000edf0: 0x00030003
R at 0xe000edf0: 0x00030003
R at 0xe000edf0: 0x00030003
R at 0xe000edf0: 0x00030003
R at 0xe000edf0: 0x00030003
R at 0xe000edf0: 0x00030003
R at 0xe000edf0: 0x00030003
R at 0xe000edf0: 0x00030003
R at 0xe000edf0: 0x00030003
R at 0xe000edf0: 0x00030003
R at 0xe000edf0: 0x00030003
R at 0xe000edf0: 0x00030003
R at 0xe000edf0: 0x00030003
R at 0xe000edf0: 0x00030003
R at 0xe000edf0: 0x00030003
R at 0xe000edf0: 0x00030003
R at 0xe000edf0: 0x00030003
R at 0xe000edf0: 0x00030003
R at 0xe000edf0: 0x00030003
R at 0xe000edf0: 0x00030003
R at 0xe000edf0: 0x00030003
R at 0xe000edf0: 0x00030003
R at 0xe000edf0: 0x00030003
R at 0xe000edf0: 0x00030003
R at 0xe000edf0: 0x00030003
R at 0xe000edf0: 0x00030003
R at 0xe000edf0: 0x00030003
R at 0xe000edf0: 0x00030003
R at 0xe000edf0: 0x00030003
R at 0xe000edf0: 0x00030003
R at 0xe000edf0: 0x00030003
R at 0xe000edf0: 0x00030003
R at 0xe000edf0: 0x00030003
R at 0xe000edf0: 0x00030003
R at 0xe000edf0: 0x00030003
R at 0xe000edf0: 0x00030003
R at 0xe000edf0: 0x00030003
R at 0xe000edf0: 0x00030003
R at 0xe000edf0: 0x00030003
R at 0xe000edf0: 0x00030003
R at 0xe000edf0: 0x00030003
R at 0xe000edf0: 0x00030003
R at 0xe000edf0: 0x00030003
R at 0xe000edf0: 0x00030003
R at 0xe000edf0: 0x00030003
R at 0xe000edf0: 0x00030003
R at 0xe000edf0: 0x00030003
R at 0xe000edf0: 0x00030003
R at 0xe000edf0: 0x00030003
R at 0xe000edf0: 0x00030003
R at 0xe000edf0: 0x00030003
R at 0xe000edf0: 0x00030003
R at 0xe000edf0: 0x00030003
R at 0xe000edf0: 0x00030003
R at 0xe000edf0: 0x00030003
R at 0xe000edf0: 0x00030003
R at 0xe000edf0: 0x00030003
R at 0xe000edf0: 0x00030003
R at 0xe000edf0: 0x00030003
R at 0xe000edf0: 0x00030003
R at 0xe000edf0: 0x00030003
R at 0xe000edf0: 0x00030003
R at 0xe000edf0: 0x00030003
R at 0xe000edf0: 0x00030003
R at 0xe000edf0: 0x00030003
R at 0xe000edf0: 0x00030003
R at 0xe000edf0: 0x00030003
R at 0xe000edf0: 0x00030003
R at 0xe000edf0: 0x00030003
R at 0xe000edf0: 0x00030003
R at 0xe000edf0: 0x00030003
R at 0xe000edf0: 0x00030003
R at 0xe000edf0: 0x00030003
R at 0xe000edf0: 0x00030003
R at 0xe000edf0: 0x00030003
R at 0xe000edf0: 0x00030003
R at 0xe000edf0: 0x00030003
R at 0xe000edf0: 0x00030003
R at 0xe000edf0: 0x00030003
R at 0xe000edf0: 0x00030003
R at 0xe000edf0: 0x00030003
R at 0xe000edf0: 0x00030003
R at 0xe000edf0: 0x00030003
R at 0xe000edf0: 0x00030003
R at 0xe000edf0: 0x00030003
R at 0xe000edf0: 0x00030003
R at 0xe000edf0: 0x00030003
R at 0xe000edf0: 0x00030003
R at 0xe000edf0: 0x00030003
R at 0xe000edf0: 0x00030003
R at 0xe000edf0: 0x00030003
R at 0xe000edf0: 0x00030003
R at 0xe000edf0: 0x00030003
R at 0xe000edf0: 0x00030003
R at 0xe000edf0: 0x00030003
R at 0xe000edf0: 0x00030003
R at 0xe000edf0: 0x00030003
R at 0xe000edf0: 0x00030003
R at 0xe000edf0: 0x00030003
R at 0xe000edf0: 0x00030003
R at 0xe000edf0: 0x00030003
R at 0xe000edf0: 0x00030003
R at 0xe000edf0: 0x00030003
R at 0xe000edf0: 0x00030003
R at 0xe000edf0: 0x00030003
R at 0xe000edf0: 0x00030003
R at 0xe000edf0: 0x00030003
R at 0xe000edf0: 0x00030003
R at 0xe000edf0: 0x00030003
R at 0xe000edf0: 0x00030003
R at 0xe000edf0: 0x00030003
R at 0xe000edf0: 0x00030003
System reset has not raised up after 2 seconds
Sys reset req
W at 0xe000ed0c: 0x05fa0004
R at 0xe000ed0c: 0xfa050000
R at 0xe000edf0: 0x02030003
Driving NRST high
R at 0xe000edf0: 0x00030003
W regId 16: 0x01000000
W at 0xe000edfc: 0x00000000
R at 0xe000ed00: 0x00000031
R at 0xe0042000: 0x00000010
R at 0xe0042000: 0x00000010
R at 0x1ffff7e0: 0x00000080
W regId 15: 0x20000000
W regId 17: 0x20000000
W regId 16: 0x01000000
Driving NRST low
Activating vector catch system
W at 0xe000edfc: 0x00000001
R at 0xe000edf0: 0x00030003
R at 0xe000edf0: 0x00030003
R at 0xe000edf0: 0x00030003
R at 0xe000edf0: 0x00030003
R at 0xe000edf0: 0x00030003
R at 0xe000edf0: 0x00030003
R at 0xe000edf0: 0x00030003
R at 0xe000edf0: 0x00030003
R at 0xe000edf0: 0x00030003
R at 0xe000edf0: 0x00030003
R at 0xe000edf0: 0x00030003
R at 0xe000edf0: 0x00030003
R at 0xe000edf0: 0x00030003
R at 0xe000edf0: 0x00030003
R at 0xe000edf0: 0x00030003
R at 0xe000edf0: 0x00030003
R at 0xe000edf0: 0x00030003
R at 0xe000edf0: 0x00030003
R at 0xe000edf0: 0x00030003
R at 0xe000edf0: 0x00030003
R at 0xe000edf0: 0x00030003
R at 0xe000edf0: 0x00030003
R at 0xe000edf0: 0x00030003
R at 0xe000edf0: 0x00030003
R at 0xe000edf0: 0x00030003
R at 0xe000edf0: 0x00030003
R at 0xe000edf0: 0x00030003
R at 0xe000edf0: 0x00030003
R at 0xe000edf0: 0x00030003
R at 0xe000edf0: 0x00030003
R at 0xe000edf0: 0x00030003
R at 0xe000edf0: 0x00030003
R at 0xe000edf0: 0x00030003
R at 0xe000edf0: 0x00030003
R at 0xe000edf0: 0x00030003
R at 0xe000edf0: 0x00030003
R at 0xe000edf0: 0x00030003
R at 0xe000edf0: 0x00030003
R at 0xe000edf0: 0x00030003
R at 0xe000edf0: 0x00030003
R at 0xe000edf0: 0x00030003
R at 0xe000edf0: 0x00030003
R at 0xe000edf0: 0x00030003
R at 0xe000edf0: 0x00030003
R at 0xe000edf0: 0x00030003
R at 0xe000edf0: 0x00030003
R at 0xe000edf0: 0x00030003
R at 0xe000edf0: 0x00030003
R at 0xe000edf0: 0x00030003
R at 0xe000edf0: 0x00030003
R at 0xe000edf0: 0x00030003
R at 0xe000edf0: 0x00030003
R at 0xe000edf0: 0x00030003
R at 0xe000edf0: 0x00030003
R at 0xe000edf0: 0x00030003
R at 0xe000edf0: 0x00030003
R at 0xe000edf0: 0x00030003
R at 0xe000edf0: 0x00030003
R at 0xe000edf0: 0x00030003
R at 0xe000edf0: 0x00030003
R at 0xe000edf0: 0x00030003
R at 0xe000edf0: 0x00030003
R at 0xe000edf0: 0x00030003
R at 0xe000edf0: 0x00030003
R at 0xe000edf0: 0x00030003
R at 0xe000edf0: 0x00030003
R at 0xe000edf0: 0x00030003
R at 0xe000edf0: 0x00030003
R at 0xe000edf0: 0x00030003
R at 0xe000edf0: 0x00030003
R at 0xe000edf0: 0x00030003
R at 0xe000edf0: 0x00030003
R at 0xe000edf0: 0x00030003
R at 0xe000edf0: 0x00030003
R at 0xe000edf0: 0x00030003
R at 0xe000edf0: 0x00030003
R at 0xe000edf0: 0x00030003
R at 0xe000edf0: 0x00030003
R at 0xe000edf0: 0x00030003
R at 0xe000edf0: 0x00030003
R at 0xe000edf0: 0x00030003
R at 0xe000edf0: 0x00030003
R at 0xe000edf0: 0x00030003
R at 0xe000edf0: 0x00030003
R at 0xe000edf0: 0x00030003
R at 0xe000edf0: 0x00030003
R at 0xe000edf0: 0x00030003
R at 0xe000edf0: 0x00030003
R at 0xe000edf0: 0x00030003
R at 0xe000edf0: 0x00030003
R at 0xe000edf0: 0x00030003
R at 0xe000edf0: 0x00030003
R at 0xe000edf0: 0x00030003
R at 0xe000edf0: 0x00030003
R at 0xe000edf0: 0x00030003
R at 0xe000edf0: 0x00030003
R at 0xe000edf0: 0x00030003
R at 0xe000edf0: 0x00030003
R at 0xe000edf0: 0x00030003
R at 0xe000edf0: 0x00030003
R at 0xe000edf0: 0x00030003
R at 0xe000edf0: 0x00030003
R at 0xe000edf0: 0x00030003
R at 0xe000edf0: 0x00030003
R at 0xe000edf0: 0x00030003
R at 0xe000edf0: 0x00030003
R at 0xe000edf0: 0x00030003
R at 0xe000edf0: 0x00030003
R at 0xe000edf0: 0x00030003
R at 0xe000edf0: 0x00030003
R at 0xe000edf0: 0x00030003
R at 0xe000edf0: 0x00030003
R at 0xe000edf0: 0x00030003
R at 0xe000edf0: 0x00030003
R at 0xe000edf0: 0x00030003
R at 0xe000edf0: 0x00030003
R at 0xe000edf0: 0x00030003
R at 0xe000edf0: 0x00030003
R at 0xe000edf0: 0x00030003
R at 0xe000edf0: 0x00030003
R at 0xe000edf0: 0x00030003
R at 0xe000edf0: 0x00030003
R at 0xe000edf0: 0x00030003
R at 0xe000edf0: 0x00030003
R at 0xe000edf0: 0x00030003
R at 0xe000edf0: 0x00030003
R at 0xe000edf0: 0x00030003
R at 0xe000edf0: 0x00030003
R at 0xe000edf0: 0x00030003
System reset has not raised up after 2 seconds
Sys reset req
W at 0xe000ed0c: 0x05fa0004
R at 0xe000ed0c: 0xfa050000
R at 0xe000edf0: 0x02030003
Driving NRST high
R at 0xe000edf0: 0x00030003
W regId 16: 0x01000000
W at 0xe000edfc: 0x00000000
R at 0xe000ed00: 0x00000031
R at 0xe0042000: 0x00000010
R at 0xe0042000: 0x00000010
R at 0x1ffff7e0: 0x00000080
W regId 15: 0x20000000
W regId 17: 0x20000000
W regId 16: 0x01000000
R at 0x1ffff800: 0x000000a5
R at 0x20000000: 0x00000048
R at 0x4002201c: 0x000000fc
R at 0x20000000: 0x00000048
R at 0x40022020: 0x000000ff
R at 0x1ffff800: 0x000000a5
W 508 bytes from 0x200008f4
Driving NRST low
Activating vector catch system
W at 0xe000edfc: 0x00000001
R at 0xe000edf0: 0x00030003
R at 0xe000edf0: 0x00030003
R at 0xe000edf0: 0x00030003
R at 0xe000edf0: 0x00030003
R at 0xe000edf0: 0x00030003
R at 0xe000edf0: 0x00030003
R at 0xe000edf0: 0x00030003
R at 0xe000edf0: 0x00030003
R at 0xe000edf0: 0x00030003
R at 0xe000edf0: 0x00030003
R at 0xe000edf0: 0x00030003
R at 0xe000edf0: 0x00030003
R at 0xe000edf0: 0x00030003
R at 0xe000edf0: 0x00030003
R at 0xe000edf0: 0x00030003
R at 0xe000edf0: 0x00030003
R at 0xe000edf0: 0x00030003
R at 0xe000edf0: 0x00030003
R at 0xe000edf0: 0x00030003
R at 0xe000edf0: 0x00030003
R at 0xe000edf0: 0x00030003
R at 0xe000edf0: 0x00030003
R at 0xe000edf0: 0x00030003
R at 0xe000edf0: 0x00030003
R at 0xe000edf0: 0x00030003
R at 0xe000edf0: 0x00030003
R at 0xe000edf0: 0x00030003
R at 0xe000edf0: 0x00030003
R at 0xe000edf0: 0x00030003
R at 0xe000edf0: 0x00030003
R at 0xe000edf0: 0x00030003
R at 0xe000edf0: 0x00030003
R at 0xe000edf0: 0x00030003
R at 0xe000edf0: 0x00030003
R at 0xe000edf0: 0x00030003
R at 0xe000edf0: 0x00030003
R at 0xe000edf0: 0x00030003
R at 0xe000edf0: 0x00030003
R at 0xe000edf0: 0x00030003
R at 0xe000edf0: 0x00030003
R at 0xe000edf0: 0x00030003
R at 0xe000edf0: 0x00030003
R at 0xe000edf0: 0x00030003
R at 0xe000edf0: 0x00030003
R at 0xe000edf0: 0x00030003
R at 0xe000edf0: 0x00030003
R at 0xe000edf0: 0x00030003
R at 0xe000edf0: 0x00030003
R at 0xe000edf0: 0x00030003
R at 0xe000edf0: 0x00030003
R at 0xe000edf0: 0x00030003
R at 0xe000edf0: 0x00030003
R at 0xe000edf0: 0x00030003
R at 0xe000edf0: 0x00030003
R at 0xe000edf0: 0x00030003
R at 0xe000edf0: 0x00030003
R at 0xe000edf0: 0x00030003
R at 0xe000edf0: 0x00030003
R at 0xe000edf0: 0x00030003
R at 0xe000edf0: 0x00030003
R at 0xe000edf0: 0x00030003
R at 0xe000edf0: 0x00030003
R at 0xe000edf0: 0x00030003
R at 0xe000edf0: 0x00030003
R at 0xe000edf0: 0x00030003
R at 0xe000edf0: 0x00030003
R at 0xe000edf0: 0x00030003
R at 0xe000edf0: 0x00030003
R at 0xe000edf0: 0x00030003
R at 0xe000edf0: 0x00030003
R at 0xe000edf0: 0x00030003
R at 0xe000edf0: 0x00030003
R at 0xe000edf0: 0x00030003
R at 0xe000edf0: 0x00030003
R at 0xe000edf0: 0x00030003
R at 0xe000edf0: 0x00030003
R at 0xe000edf0: 0x00030003
R at 0xe000edf0: 0x00030003
R at 0xe000edf0: 0x00030003
R at 0xe000edf0: 0x00030003
R at 0xe000edf0: 0x00030003
R at 0xe000edf0: 0x00030003
R at 0xe000edf0: 0x00030003
R at 0xe000edf0: 0x00030003
R at 0xe000edf0: 0x00030003
R at 0xe000edf0: 0x00030003
R at 0xe000edf0: 0x00030003
R at 0xe000edf0: 0x00030003
R at 0xe000edf0: 0x00030003
R at 0xe000edf0: 0x00030003
R at 0xe000edf0: 0x00030003
R at 0xe000edf0: 0x00030003
R at 0xe000edf0: 0x00030003
R at 0xe000edf0: 0x00030003
R at 0xe000edf0: 0x00030003
R at 0xe000edf0: 0x00030003
R at 0xe000edf0: 0x00030003
R at 0xe000edf0: 0x00030003
R at 0xe000edf0: 0x00030003
R at 0xe000edf0: 0x00030003
R at 0xe000edf0: 0x00030003
R at 0xe000edf0: 0x00030003
R at 0xe000edf0: 0x00030003
R at 0xe000edf0: 0x00030003
R at 0xe000edf0: 0x00030003
R at 0xe000edf0: 0x00030003
R at 0xe000edf0: 0x00030003
R at 0xe000edf0: 0x00030003
R at 0xe000edf0: 0x00030003
R at 0xe000edf0: 0x00030003
R at 0xe000edf0: 0x00030003
R at 0xe000edf0: 0x00030003
R at 0xe000edf0: 0x00030003
R at 0xe000edf0: 0x00030003
R at 0xe000edf0: 0x00030003
R at 0xe000edf0: 0x00030003
R at 0xe000edf0: 0x00030003
R at 0xe000edf0: 0x00030003
R at 0xe000edf0: 0x00030003
R at 0xe000edf0: 0x00030003
R at 0xe000edf0: 0x00030003
System reset has not raised up after 2 seconds
Sys reset req
W at 0xe000ed0c: 0x05fa0004
R at 0xe000ed0c: 0xfa050000
R at 0xe000edf0: 0x02030003
Driving NRST high
R at 0xe000edf0: 0x00030003
W regId 16: 0x01000000
W at 0xe000edfc: 0x00000000
R at 0xe000ed00: 0x00000031
R at 0xe0042000: 0x00000010
R at 0xe0042000: 0x00000010
R at 0x1ffff7e0: 0x00000080
W regId 15: 0x20000000
W regId 17: 0x20000000
W regId 16: 0x01000000
W at 0x20000000: 0x00000000
W 1020 bytes from 0x20000004
W 212 bytes from 0x20000400
W at 0xe000edf0: 0xa05f0003
R at 0xe000edf0: 0x00030003
W at 0x40003000: 0x000000aa
W at 0x40003000: 0x00000055
W at 0x40003004: 0x00000007
W at 0x40002c04: 0x000000ff
W at 0x40002c00: 0x0000007f
W regId 0: 0x00000001
W regId 1: 0x00000000
W regId 2: 0x00000000
W regId 3: 0x00000000
W regId 4: 0x00000000
W regId 5: 0x00000000
W regId 6: 0x00000000
W regId 7: 0x00000000
W regId 8: 0x00000000
W regId 9: 0x00000000
W regId 10: 0x00000000
W regId 11: 0x00000000
W regId 12: 0x00000000
W regId 13: 0x00000000
W regId 14: 0x20000001
W regId 15: 0x20000005
W regId 16: 0x01000000
W regId 17: 0x200008d2
Error (0xd) after target cmd F2 34 11 D2 08 00 20 00 00 00
Core register write verif error (ignored),writing 0x200008d2 to reg 17
W regId 18: 0x00000000
W at 0xe000edf0: 0xa05f0001
W at 0x40003000: 0x000000aa
W at 0x40003000: 0x00000055
W at 0x40003004: 0x00000007
W at 0x40002c04: 0x000000ff
W at 0x40002c00: 0x0000007f
R at 0xe000edf0: 0x01030003
W at 0xe000edf0: 0xa05f0003
R at 0xe000edf0: 0x00030003
R regId 0: 0x00000001
W at 0x40003000: 0x000000aa
W at 0x40003000: 0x00000055
W at 0x40003004: 0x00000007
W at 0x40002c04: 0x000000ff
W at 0x40002c00: 0x0000007f
W regId 0: 0x08000000
W regId 1: 0x08000800
W regId 2: 0x00000000
W regId 3: 0x00000000
W regId 4: 0x00000000
W regId 5: 0x00000000
W regId 6: 0x00000000
W regId 7: 0x00000000
W regId 8: 0x00000000
W regId 9: 0x00000000
W regId 10: 0x00000000
W regId 11: 0x00000000
W regId 12: 0x00000000
W regId 13: 0x00000000
W regId 14: 0x20000001
W regId 15: 0x20000143
W regId 16: 0x01000000
W regId 17: 0x200008d2
Error (0xd) after target cmd F2 34 11 D2 08 00 20 00 00 00
Core register write verif error (ignored),writing 0x200008d2 to reg 17
W regId 18: 0x00000000
W at 0xe000edf0: 0xa05f0001
W at 0x40003000: 0x000000aa
W at 0x40003000: 0x00000055
W at 0x40003004: 0x00000007
W at 0x40002c04: 0x000000ff
W at 0x40002c00: 0x0000007f
R at 0xe000edf0: 0x01030003
W at 0xe000edf0: 0xa05f0003
R at 0xe000edf0: 0x00030003
R regId 0: 0x00000001
W 780 bytes from 0x200008f4
W 1024 bytes from 0x20000c00
W 536 bytes from 0x20001000
W at 0xe000edf0: 0xa05f0003
R at 0xe000edf0: 0x00030003
W at 0x40003000: 0x000000aa
W at 0x40003000: 0x00000055
W at 0x40003004: 0x00000007
W at 0x40002c04: 0x000000ff
W at 0x40002c00: 0x0000007f
W regId 0: 0x00000001
W regId 1: 0x00000000
W regId 2: 0x00000000
W regId 3: 0x00000000
W regId 4: 0x00000000
W regId 5: 0x00000000
W regId 6: 0x00000000
W regId 7: 0x00000000
W regId 8: 0x00000000
W regId 9: 0x00000000
W regId 10: 0x00000000
W regId 11: 0x00000000
W regId 12: 0x00000000
W regId 13: 0x00000000
W regId 14: 0x20000001
W regId 15: 0x20000005
W regId 16: 0x01000000
W regId 17: 0x200008d2
Error (0xd) after target cmd F2 34 11 D2 08 00 20 00 00 00
Core register write verif error (ignored),writing 0x200008d2 to reg 17
W regId 18: 0x00000000
W at 0xe000edf0: 0xa05f0001
W at 0x40003000: 0x000000aa
W at 0x40003000: 0x00000055
W at 0x40003004: 0x00000007
W at 0x40002c04: 0x000000ff
W at 0x40002c00: 0x0000007f
R at 0xe000edf0: 0x01030003
W at 0xe000edf0: 0xa05f0003
R at 0xe000edf0: 0x00030003
R regId 0: 0x00000001
W at 0x40003000: 0x000000aa
W at 0x40003000: 0x00000055
W at 0x40003004: 0x00000007
W at 0x40002c04: 0x000000ff
W at 0x40002c00: 0x0000007f
W regId 0: 0x08000000
W regId 1: 0x00000928
W regId 2: 0x200008f2
W regId 3: 0x00000000
W regId 4: 0x00000000
W regId 5: 0x00000000
W regId 6: 0x00000000
W regId 7: 0x00000000
W regId 8: 0x00000000
W regId 9: 0x00000000
W regId 10: 0x00000000
W regId 11: 0x00000000
W regId 12: 0x00000000
W regId 13: 0x00000000
W regId 14: 0x20000001
W regId 15: 0x2000002f
W regId 16: 0x01000000
W regId 17: 0x200008d2
Error (0xd) after target cmd F2 34 11 D2 08 00 20 00 00 00
Core register write verif error (ignored),writing 0x200008d2 to reg 17
W regId 18: 0x00000000
W at 0xe000edf0: 0xa05f0001
W at 0x40003000: 0x000000aa
W at 0x40003000: 0x00000055
W at 0x40003004: 0x00000007
W at 0x40002c04: 0x000000ff
W at 0x40002c00: 0x0000007f
R at 0xe000edf0: 0x01010001
W at 0x40003000: 0x000000aa
W at 0x40003000: 0x00000055
W at 0x40003004: 0x00000007
W at 0x40002c04: 0x000000ff
W at 0x40002c00: 0x0000007f
R at 0xe000edf0: 0x01030003
W at 0xe000edf0: 0xa05f0003
R at 0xe000edf0: 0x00030003
R regId 0: 0x00000001
cErrLog::SetLogTraceOn
STLinkUSBDriver.dll loaded
ST-Link/V2 device detected
Target voltage detected: 3.200000
W at 0xe000edf0: 0xa05f0003
R at 0xe000edf0: 0x00030003
Driving NRST low
Activating vector catch system
W at 0xe000edfc: 0x00000001
R at 0xe000edf0: 0x00030003
R at 0xe000edf0: 0x00030003
R at 0xe000edf0: 0x00030003
R at 0xe000edf0: 0x00030003
R at 0xe000edf0: 0x00030003
R at 0xe000edf0: 0x00030003
R at 0xe000edf0: 0x00030003
R at 0xe000edf0: 0x00030003
R at 0xe000edf0: 0x00030003
R at 0xe000edf0: 0x00030003
R at 0xe000edf0: 0x00030003
R at 0xe000edf0: 0x00030003
R at 0xe000edf0: 0x00030003
R at 0xe000edf0: 0x00030003
R at 0xe000edf0: 0x00030003
R at 0xe000edf0: 0x00030003
R at 0xe000edf0: 0x00030003
R at 0xe000edf0: 0x00030003
R at 0xe000edf0: 0x00030003
R at 0xe000edf0: 0x00030003
R at 0xe000edf0: 0x00030003
R at 0xe000edf0: 0x00030003
R at 0xe000edf0: 0x00030003
R at 0xe000edf0: 0x00030003
R at 0xe000edf0: 0x00030003
R at 0xe000edf0: 0x00030003
R at 0xe000edf0: 0x00030003
R at 0xe000edf0: 0x00030003
R at 0xe000edf0: 0x00030003
R at 0xe000edf0: 0x00030003
R at 0xe000edf0: 0x00030003
R at 0xe000edf0: 0x00030003
R at 0xe000edf0: 0x00030003
R at 0xe000edf0: 0x00030003
R at 0xe000edf0: 0x00030003
R at 0xe000edf0: 0x00030003
R at 0xe000edf0: 0x00030003
R at 0xe000edf0: 0x00030003
R at 0xe000edf0: 0x00030003
R at 0xe000edf0: 0x00030003
R at 0xe000edf0: 0x00030003
R at 0xe000edf0: 0x00030003
R at 0xe000edf0: 0x00030003
R at 0xe000edf0: 0x00030003
R at 0xe000edf0: 0x00030003
R at 0xe000edf0: 0x00030003
R at 0xe000edf0: 0x00030003
R at 0xe000edf0: 0x00030003
R at 0xe000edf0: 0x00030003
R at 0xe000edf0: 0x00030003
R at 0xe000edf0: 0x00030003
R at 0xe000edf0: 0x00030003
R at 0xe000edf0: 0x00030003
R at 0xe000edf0: 0x00030003
R at 0xe000edf0: 0x00030003
R at 0xe000edf0: 0x00030003
R at 0xe000edf0: 0x00030003
R at 0xe000edf0: 0x00030003
R at 0xe000edf0: 0x00030003
R at 0xe000edf0: 0x00030003
R at 0xe000edf0: 0x00030003
R at 0xe000edf0: 0x00030003
R at 0xe000edf0: 0x00030003
R at 0xe000edf0: 0x00030003
R at 0xe000edf0: 0x00030003
R at 0xe000edf0: 0x00030003
R at 0xe000edf0: 0x00030003
R at 0xe000edf0: 0x00030003
R at 0xe000edf0: 0x00030003
R at 0xe000edf0: 0x00030003
R at 0xe000edf0: 0x00030003
R at 0xe000edf0: 0x00030003
R at 0xe000edf0: 0x00030003
R at 0xe000edf0: 0x00030003
R at 0xe000edf0: 0x00030003
R at 0xe000edf0: 0x00030003
R at 0xe000edf0: 0x00030003
R at 0xe000edf0: 0x00030003
R at 0xe000edf0: 0x00030003
R at 0xe000edf0: 0x00030003
R at 0xe000edf0: 0x00030003
R at 0xe000edf0: 0x00030003
R at 0xe000edf0: 0x00030003
R at 0xe000edf0: 0x00030003
R at 0xe000edf0: 0x00030003
R at 0xe000edf0: 0x00030003
R at 0xe000edf0: 0x00030003
R at 0xe000edf0: 0x00030003
R at 0xe000edf0: 0x00030003
R at 0xe000edf0: 0x00030003
R at 0xe000edf0: 0x00030003
R at 0xe000edf0: 0x00030003
R at 0xe000edf0: 0x00030003
R at 0xe000edf0: 0x00030003
R at 0xe000edf0: 0x00030003
R at 0xe000edf0: 0x00030003
R at 0xe000edf0: 0x00030003
R at 0xe000edf0: 0x00030003
R at 0xe000edf0: 0x00030003
R at 0xe000edf0: 0x00030003
System reset has not raised up after 2 seconds
Sys reset req
W at 0xe000ed0c: 0x05fa0004
R at 0xe000ed0c: 0xfa050000
R at 0xe000edf0: 0x02030003
Driving NRST high
R at 0xe000edf0: 0x00030003
W regId 16: 0x01000000
W at 0xe000edfc: 0x00000000
R at 0xe000ed00: 0x00000031
R at 0xe0042000: 0x00000010
R at 0xe0042000: 0x00000010
R at 0x1ffff7e0: 0x00000080
R at 0xe0042008: 0x00000000
W at 0xe0042008: 0x00001800
R at 0xe000ed00: 0x00000031
R at 0xe0042000: 0x00000010
R at 0xe0042000: 0x00000010
R at 0x1ffff7e0: 0x00000080
W at 0xe000edf0: 0xa05f0003
R at 0xe000edf0: 0x00030003
R at 0xe000edf0: 0x00030003
Activating vector catch system
W at 0xe000edfc: 0x00000001
Sys reset req
W at 0xe000ed0c: 0x05fa0004
R at 0xe000ed0c: 0xfa050000
R at 0xe000edf0: 0x02030003
R at 0xe000edf0: 0x00030003
W regId 16: 0x01000000
W at 0xe000edfc: 0x00000000
W at 0xe000edf0: 0xa05f0001
